<?xml version="1.0" encoding="UTF-8"?>
<testng-results retried="1" ignored="1" total="8" passed="4" failed="2" skipped="0">
  <reporter-output>
  </reporter-output>
  <suite started-at="2024-08-07T15:20:39 IST" name="Suite" finished-at="2024-08-07T15:21:01 IST" duration-ms="22180">
    <groups>
      <group name="ErrorHandling">
        <method signature="VerifyErrorValidationTest.VerifyErrorForLoginPage()[pri:0, instance:GajananFrameWork.Tests.VerifyErrorValidationTest@609bcfb6]" name="VerifyErrorForLoginPage" class="GajananFrameWork.Tests.VerifyErrorValidationTest"/>
      </group> <!-- ErrorHandling -->
      <group name="Purchase">
        <method signature="SubmitOrderTest.VerifySubmitOrder(java.util.HashMap)[pri:0, instance:GajananFrameWork.Tests.SubmitOrderTest@3e2055d6]" name="VerifySubmitOrder" class="GajananFrameWork.Tests.SubmitOrderTest"/>
      </group> <!-- Purchase -->
    </groups>
    <test started-at="2024-08-07T15:20:39 IST" name="Error Validation Test" finished-at="2024-08-07T15:20:58 IST" duration-ms="19244">
      <class name="GajananFrameWork.Tests.VerifyErrorValidationTest">
        <test-method is-config="true" signature="LaunchingBrowser()[pri:0, instance:GajananFrameWork.Tests.VerifyErrorValidationTest@609bcfb6]" started-at="2024-08-07T15:20:39 IST" name="LaunchingBrowser" finished-at="2024-08-07T15:20:43 IST" duration-ms="3724" status="PASS">
          <reporter-output>
          </reporter-output>
        </test-method> <!-- LaunchingBrowser -->
        <test-method retried="true" signature="VerifyErrorForLoginPage()[pri:0, instance:GajananFrameWork.Tests.VerifyErrorValidationTest@609bcfb6]" started-at="2024-08-07T15:20:43 IST" name="VerifyErrorForLoginPage" finished-at="2024-08-07T15:20:43 IST" duration-ms="714" status="SKIP">
          <exception class="java.lang.AssertionError">
            <message>
              <![CDATA[expected [Incorrect email or password.] but found [Incorrect email  password.]]]>
            </message>
            <full-stacktrace>
              <![CDATA[java.lang.AssertionError: expected [Incorrect email or password.] but found [Incorrect email  password.]
at org.testng.Assert.fail(Assert.java:111)
at org.testng.Assert.failNotEquals(Assert.java:1578)
at org.testng.Assert.assertEqualsImpl(Assert.java:150)
at org.testng.Assert.assertEquals(Assert.java:132)
at org.testng.Assert.assertEquals(Assert.java:656)
at org.testng.Assert.assertEquals(Assert.java:666)
at GajananFrameWork.Tests.VerifyErrorValidationTest.VerifyErrorForLoginPage(VerifyErrorValidationTest.java:20)
at java.base/jdk.internal.reflect.DirectMethodHandleAccessor.invoke(DirectMethodHandleAccessor.java:103)
at java.base/java.lang.reflect.Method.invoke(Method.java:580)
at org.testng.internal.invokers.MethodInvocationHelper.invokeMethod(MethodInvocationHelper.java:141)
at org.testng.internal.invokers.TestInvoker.invokeMethod(TestInvoker.java:686)
at org.testng.internal.invokers.TestInvoker.invokeTestMethod(TestInvoker.java:230)
at org.testng.internal.invokers.MethodRunner.runInSequence(MethodRunner.java:63)
at org.testng.internal.invokers.TestInvoker$MethodInvocationAgent.invoke(TestInvoker.java:992)
at org.testng.internal.invokers.TestInvoker.invokeTestMethods(TestInvoker.java:203)
at org.testng.internal.invokers.TestMethodWorker.invokeTestMethods(TestMethodWorker.java:154)
at org.testng.internal.invokers.TestMethodWorker.run(TestMethodWorker.java:134)
at java.base/java.util.ArrayList.forEach(ArrayList.java:1596)
at org.testng.TestRunner.privateRun(TestRunner.java:739)
at org.testng.TestRunner.run(TestRunner.java:614)
at org.testng.SuiteRunner.runTest(SuiteRunner.java:421)
at org.testng.SuiteRunner$SuiteWorker.run(SuiteRunner.java:463)
at org.testng.internal.thread.ThreadUtil.lambda$execute$0(ThreadUtil.java:64)
at java.base/java.util.concurrent.FutureTask.run(FutureTask.java:317)
at java.base/java.util.concurrent.ThreadPoolExecutor.runWorker(ThreadPoolExecutor.java:1144)
at java.base/java.util.concurrent.ThreadPoolExecutor$Worker.run(ThreadPoolExecutor.java:642)
at java.base/java.lang.Thread.run(Thread.java:1583)
]]>
            </full-stacktrace>
          </exception> <!-- java.lang.AssertionError -->
          <reporter-output>
          </reporter-output>
        </test-method> <!-- VerifyErrorForLoginPage -->
        <test-method is-config="true" signature="CLoseBrowser()[pri:0, instance:GajananFrameWork.Tests.VerifyErrorValidationTest@609bcfb6]" started-at="2024-08-07T15:20:43 IST" name="CLoseBrowser" finished-at="2024-08-07T15:20:44 IST" duration-ms="116" status="PASS">
          <reporter-output>
          </reporter-output>
        </test-method> <!-- CLoseBrowser -->
        <test-method is-config="true" signature="LaunchingBrowser()[pri:0, instance:GajananFrameWork.Tests.VerifyErrorValidationTest@609bcfb6]" started-at="2024-08-07T15:20:44 IST" name="LaunchingBrowser" finished-at="2024-08-07T15:20:46 IST" duration-ms="2819" status="PASS">
          <reporter-output>
          </reporter-output>
        </test-method> <!-- LaunchingBrowser -->
        <test-method signature="VerifyErrorForLoginPage()[pri:0, instance:GajananFrameWork.Tests.VerifyErrorValidationTest@609bcfb6]" started-at="2024-08-07T15:20:46 IST" name="VerifyErrorForLoginPage" finished-at="2024-08-07T15:20:47 IST" duration-ms="335" status="FAIL">
          <exception class="java.lang.AssertionError">
            <message>
              <![CDATA[expected [Incorrect email or password.] but found [Incorrect email  password.]]]>
            </message>
            <full-stacktrace>
              <![CDATA[java.lang.AssertionError: expected [Incorrect email or password.] but found [Incorrect email  password.]
at org.testng.Assert.fail(Assert.java:111)
at org.testng.Assert.failNotEquals(Assert.java:1578)
at org.testng.Assert.assertEqualsImpl(Assert.java:150)
at org.testng.Assert.assertEquals(Assert.java:132)
at org.testng.Assert.assertEquals(Assert.java:656)
at org.testng.Assert.assertEquals(Assert.java:666)
at GajananFrameWork.Tests.VerifyErrorValidationTest.VerifyErrorForLoginPage(VerifyErrorValidationTest.java:20)
at java.base/jdk.internal.reflect.DirectMethodHandleAccessor.invoke(DirectMethodHandleAccessor.java:103)
at java.base/java.lang.reflect.Method.invoke(Method.java:580)
at org.testng.internal.invokers.MethodInvocationHelper.invokeMethod(MethodInvocationHelper.java:141)
at org.testng.internal.invokers.TestInvoker.invokeMethod(TestInvoker.java:686)
at org.testng.internal.invokers.TestInvoker.retryFailed(TestInvoker.java:269)
at org.testng.internal.invokers.MethodRunner.runInSequence(MethodRunner.java:76)
at org.testng.internal.invokers.TestInvoker$MethodInvocationAgent.invoke(TestInvoker.java:992)
at org.testng.internal.invokers.TestInvoker.invokeTestMethods(TestInvoker.java:203)
at org.testng.internal.invokers.TestMethodWorker.invokeTestMethods(TestMethodWorker.java:154)
at org.testng.internal.invokers.TestMethodWorker.run(TestMethodWorker.java:134)
at java.base/java.util.ArrayList.forEach(ArrayList.java:1596)
at org.testng.TestRunner.privateRun(TestRunner.java:739)
at org.testng.TestRunner.run(TestRunner.java:614)
at org.testng.SuiteRunner.runTest(SuiteRunner.java:421)
at org.testng.SuiteRunner$SuiteWorker.run(SuiteRunner.java:463)
at org.testng.internal.thread.ThreadUtil.lambda$execute$0(ThreadUtil.java:64)
at java.base/java.util.concurrent.FutureTask.run(FutureTask.java:317)
at java.base/java.util.concurrent.ThreadPoolExecutor.runWorker(ThreadPoolExecutor.java:1144)
at java.base/java.util.concurrent.ThreadPoolExecutor$Worker.run(ThreadPoolExecutor.java:642)
at java.base/java.lang.Thread.run(Thread.java:1583)
]]>
            </full-stacktrace>
          </exception> <!-- java.lang.AssertionError -->
          <reporter-output>
          </reporter-output>
        </test-method> <!-- VerifyErrorForLoginPage -->
        <test-method is-config="true" signature="CLoseBrowser()[pri:0, instance:GajananFrameWork.Tests.VerifyErrorValidationTest@609bcfb6]" started-at="2024-08-07T15:20:47 IST" name="CLoseBrowser" finished-at="2024-08-07T15:20:53 IST" duration-ms="6354" status="PASS">
          <reporter-output>
          </reporter-output>
        </test-method> <!-- CLoseBrowser -->
        <test-method is-config="true" signature="LaunchingBrowser()[pri:0, instance:GajananFrameWork.Tests.VerifyErrorValidationTest@609bcfb6]" started-at="2024-08-07T15:20:53 IST" name="LaunchingBrowser" finished-at="2024-08-07T15:20:56 IST" duration-ms="3016" status="PASS">
          <reporter-output>
          </reporter-output>
        </test-method> <!-- LaunchingBrowser -->
        <test-method signature="VerifySubmitOrder()[pri:0, instance:GajananFrameWork.Tests.VerifyErrorValidationTest@609bcfb6]" started-at="2024-08-07T15:20:56 IST" name="VerifySubmitOrder" finished-at="2024-08-07T15:20:58 IST" duration-ms="1859" status="PASS">
          <reporter-output>
          </reporter-output>
        </test-method> <!-- VerifySubmitOrder -->
        <test-method is-config="true" signature="CLoseBrowser()[pri:0, instance:GajananFrameWork.Tests.VerifyErrorValidationTest@609bcfb6]" started-at="2024-08-07T15:20:58 IST" name="CLoseBrowser" finished-at="2024-08-07T15:20:58 IST" duration-ms="80" status="PASS">
          <reporter-output>
          </reporter-output>
        </test-method> <!-- CLoseBrowser -->
      </class> <!-- GajananFrameWork.Tests.VerifyErrorValidationTest -->
    </test> <!-- Error Validation Test -->
    <test started-at="2024-08-07T15:20:39 IST" name="Submit Order Test" finished-at="2024-08-07T15:21:01 IST" duration-ms="22180">
      <class name="GajananFrameWork.Tests.SubmitOrderTest">
        <test-method is-config="true" signature="LaunchingBrowser()[pri:0, instance:GajananFrameWork.Tests.SubmitOrderTest@3e2055d6]" started-at="2024-08-07T15:20:39 IST" name="LaunchingBrowser" finished-at="2024-08-07T15:20:43 IST" duration-ms="4052" status="PASS">
          <reporter-output>
          </reporter-output>
        </test-method> <!-- LaunchingBrowser -->
        <test-method signature="VerifySubmitOrder(java.util.HashMap)[pri:0, instance:GajananFrameWork.Tests.SubmitOrderTest@3e2055d6]" started-at="2024-08-07T15:20:43 IST" name="VerifySubmitOrder" data-provider="getData" finished-at="2024-08-07T15:20:46 IST" duration-ms="2848" status="PASS">
          <params>
            <param index="0">
              <value>
                <![CDATA[{ProductName=ZARA COAT 3, Email=gajananbhnage200@gmail.com, Password=Gatha1013#}]]>
              </value>
            </param>
          </params>
          <reporter-output>
          </reporter-output>
        </test-method> <!-- VerifySubmitOrder -->
        <test-method is-config="true" signature="CLoseBrowser()[pri:0, instance:GajananFrameWork.Tests.SubmitOrderTest@3e2055d6]" started-at="2024-08-07T15:20:46 IST" name="CLoseBrowser" finished-at="2024-08-07T15:20:46 IST" duration-ms="129" status="PASS">
          <reporter-output>
          </reporter-output>
        </test-method> <!-- CLoseBrowser -->
        <test-method is-config="true" signature="LaunchingBrowser()[pri:0, instance:GajananFrameWork.Tests.SubmitOrderTest@3e2055d6]" started-at="2024-08-07T15:20:46 IST" name="LaunchingBrowser" finished-at="2024-08-07T15:20:49 IST" duration-ms="2678" status="PASS">
          <reporter-output>
          </reporter-output>
        </test-method> <!-- LaunchingBrowser -->
        <test-method signature="VerifySubmitOrder(java.util.HashMap)[pri:0, instance:GajananFrameWork.Tests.SubmitOrderTest@3e2055d6]" started-at="2024-08-07T15:20:49 IST" name="VerifySubmitOrder" data-provider="getData" finished-at="2024-08-07T15:20:51 IST" duration-ms="2540" status="PASS">
          <params>
            <param index="0">
              <value>
                <![CDATA[{ProductName=IPHONE 13 PRO, Email=Shwetagajanan1013@gmail.com, Password=Gatha1013#}]]>
              </value>
            </param>
          </params>
          <reporter-output>
          </reporter-output>
        </test-method> <!-- VerifySubmitOrder -->
        <test-method is-config="true" signature="CLoseBrowser()[pri:0, instance:GajananFrameWork.Tests.SubmitOrderTest@3e2055d6]" started-at="2024-08-07T15:20:51 IST" name="CLoseBrowser" finished-at="2024-08-07T15:20:51 IST" duration-ms="101" status="PASS">
          <reporter-output>
          </reporter-output>
        </test-method> <!-- CLoseBrowser -->
        <test-method is-config="true" signature="LaunchingBrowser()[pri:0, instance:GajananFrameWork.Tests.SubmitOrderTest@3e2055d6]" started-at="2024-08-07T15:20:51 IST" name="LaunchingBrowser" finished-at="2024-08-07T15:20:54 IST" duration-ms="2704" status="PASS">
          <reporter-output>
          </reporter-output>
        </test-method> <!-- LaunchingBrowser -->
        <test-method signature="VerifySubmitOrder(java.util.HashMap)[pri:0, instance:GajananFrameWork.Tests.SubmitOrderTest@3e2055d6]" started-at="2024-08-07T15:20:54 IST" name="VerifySubmitOrder" data-provider="getData" finished-at="2024-08-07T15:20:57 IST" duration-ms="2490" status="PASS">
          <params>
            <param index="0">
              <value>
                <![CDATA[{ProductName=ADIDAS ORIGINAL, Email=Gatha@gmail.com, Password=Gatha1013#}]]>
              </value>
            </param>
          </params>
          <reporter-output>
          </reporter-output>
        </test-method> <!-- VerifySubmitOrder -->
        <test-method is-config="true" signature="CLoseBrowser()[pri:0, instance:GajananFrameWork.Tests.SubmitOrderTest@3e2055d6]" started-at="2024-08-07T15:20:57 IST" name="CLoseBrowser" finished-at="2024-08-07T15:20:57 IST" duration-ms="150" status="PASS">
          <reporter-output>
          </reporter-output>
        </test-method> <!-- CLoseBrowser -->
        <test-method is-config="true" signature="LaunchingBrowser()[pri:0, instance:GajananFrameWork.Tests.SubmitOrderTest@3e2055d6]" started-at="2024-08-07T15:20:57 IST" name="LaunchingBrowser" finished-at="2024-08-07T15:21:00 IST" duration-ms="3568" status="PASS">
          <reporter-output>
          </reporter-output>
        </test-method> <!-- LaunchingBrowser -->
        <test-method signature="VerifyOrderHistory()[pri:0, instance:GajananFrameWork.Tests.SubmitOrderTest@3e2055d6]" started-at="2024-08-07T15:21:00 IST" name="VerifyOrderHistory" finished-at="2024-08-07T15:21:01 IST" depends-on-methods="GajananFrameWork.Tests.SubmitOrderTest.VerifySubmitOrder" duration-ms="546" status="FAIL">
          <exception class="java.lang.AssertionError">
            <message>
              <![CDATA[expected [true] but found [false]]]>
            </message>
            <full-stacktrace>
              <![CDATA[java.lang.AssertionError: expected [true] but found [false]
at org.testng.Assert.fail(Assert.java:111)
at org.testng.Assert.failNotEquals(Assert.java:1578)
at org.testng.Assert.assertTrue(Assert.java:57)
at org.testng.Assert.assertTrue(Assert.java:67)
at GajananFrameWork.Tests.SubmitOrderTest.VerifyOrderHistory(SubmitOrderTest.java:49)
at java.base/jdk.internal.reflect.DirectMethodHandleAccessor.invoke(DirectMethodHandleAccessor.java:103)
at java.base/java.lang.reflect.Method.invoke(Method.java:580)
at org.testng.internal.invokers.MethodInvocationHelper.invokeMethod(MethodInvocationHelper.java:141)
at org.testng.internal.invokers.TestInvoker.invokeMethod(TestInvoker.java:686)
at org.testng.internal.invokers.TestInvoker.invokeTestMethod(TestInvoker.java:230)
at org.testng.internal.invokers.MethodRunner.runInSequence(MethodRunner.java:63)
at org.testng.internal.invokers.TestInvoker$MethodInvocationAgent.invoke(TestInvoker.java:992)
at org.testng.internal.invokers.TestInvoker.invokeTestMethods(TestInvoker.java:203)
at org.testng.internal.invokers.TestMethodWorker.invokeTestMethods(TestMethodWorker.java:154)
at org.testng.internal.invokers.TestMethodWorker.run(TestMethodWorker.java:134)
at java.base/java.util.ArrayList.forEach(ArrayList.java:1596)
at org.testng.TestRunner.privateRun(TestRunner.java:739)
at org.testng.TestRunner.run(TestRunner.java:614)
at org.testng.SuiteRunner.runTest(SuiteRunner.java:421)
at org.testng.SuiteRunner$SuiteWorker.run(SuiteRunner.java:463)
at org.testng.internal.thread.ThreadUtil.lambda$execute$0(ThreadUtil.java:64)
at java.base/java.util.concurrent.FutureTask.run(FutureTask.java:317)
at java.base/java.util.concurrent.ThreadPoolExecutor.runWorker(ThreadPoolExecutor.java:1144)
at java.base/java.util.concurrent.ThreadPoolExecutor$Worker.run(ThreadPoolExecutor.java:642)
at java.base/java.lang.Thread.run(Thread.java:1583)
]]>
            </full-stacktrace>
          </exception> <!-- java.lang.AssertionError -->
          <reporter-output>
          </reporter-output>
        </test-method> <!-- VerifyOrderHistory -->
        <test-method is-config="true" signature="CLoseBrowser()[pri:0, instance:GajananFrameWork.Tests.SubmitOrderTest@3e2055d6]" started-at="2024-08-07T15:21:01 IST" name="CLoseBrowser" finished-at="2024-08-07T15:21:01 IST" duration-ms="148" status="PASS">
          <reporter-output>
          </reporter-output>
        </test-method> <!-- CLoseBrowser -->
      </class> <!-- GajananFrameWork.Tests.SubmitOrderTest -->
    </test> <!-- Submit Order Test -->
  </suite> <!-- Suite -->
</testng-results>
